# JRE version: OpenJDK Runtime Environment Temurin-21.0.11+10 (21.0.11+10) (build 21.0.11+10-LTS)
# Java VM: OpenJDK 64-Bit Server VM Temurin-21.0.11+10 (21.0.11+10-LTS, mixed mode, sharing, tiered, compressed oops, compressed class ptrs, parallel gc, windows-amd64)
GC Precious Log:
 CardTable entry size: 512
 CPUs: 12 total, 12 available
 Memory: 7895M
 Large Page Support: Disabled
 NUMA Support: Disabled
 Compressed Oops: Enabled (32-bit)
 Alignments: Space 512K, Generation 512K, Heap 2M
 Heap Min Capacity: 100M
 Heap Initial Capacity: 100M
 Heap Max Capacity: 2G
 Pre-touch: Disabled
 Parallel Workers: 10
Heap:
 PSYoungGen      total 8192K, used 8012K [0x00000000d5580000, 0x00000000d6300000, 0x0000000100000000)
  eden space 5632K, 97% used [0x00000000d5580000,0x00000000d5ae3010,0x00000000d5b00000)
  from space 2560K, 97% used [0x00000000d6080000,0x00000000d62f0000,0x00000000d6300000)
  to   space 3584K, 0% used [0x00000000d5c00000,0x00000000d5c00000,0x00000000d5f80000)
 ParOldGen       total 646656K, used 646439K [0x0000000080000000, 0x00000000a7780000, 0x00000000d5580000)
  object space 646656K, 99% used [0x0000000080000000,0x00000000a7749c48,0x00000000a7780000)
 Metaspace       used 96065K, committed 97920K, reserved 1179648K
  class space    used 9452K, committed 10304K, reserved 1048576K
GC Heap History (20 events):
Event: 29739.985 GC heap before
{Heap before GC invocations=6449 (full 14):
 PSYoungGen      total 2560K, used 2105K [0x00000000d5580000, 0x00000000d5c80000, 0x0000000100000000)
  eden space 2048K, 78% used [0x00000000d5580000,0x00000000d5713c18,0x00000000d5780000)
  from space 512K, 95% used [0x00000000d5a80000,0x00000000d5afa900,0x00000000d5b00000)
  to   space 2560K, 0% used [0x00000000d5780000,0x00000000d5780000,0x00000000d5a00000)
 ParOldGen       total 629760K, used 629514K [0x0000000080000000, 0x00000000a6700000, 0x00000000d5580000)
  object space 629760K, 99% used [0x0000000080000000,0x00000000a66c29b0,0x00000000a6700000)
 Metaspace       used 96056K, committed 97920K, reserved 1179648K
  class space    used 9452K, committed 10304K, reserved 1048576K
}
Event: 29739.989 GC heap after
{Heap after GC invocations=6449 (full 14):
 PSYoungGen      total 4608K, used 1778K [0x00000000d5580000, 0x00000000d5c00000, 0x0000000100000000)
  eden space 2048K, 0% used [0x00000000d5580000,0x00000000d5580000,0x00000000d5780000)
  from space 2560K, 69% used [0x00000000d5780000,0x00000000d593c800,0x00000000d5a00000)
  to   space 2048K, 0% used [0x00000000d5a00000,0x00000000d5a00000,0x00000000d5c00000)
 ParOldGen       total 630272K, used 629906K [0x0000000080000000, 0x00000000a6780000, 0x00000000d5580000)
  object space 630272K, 99% used [0x0000000080000000,0x00000000a67249b0,0x00000000a6780000)
 Metaspace       used 96056K, committed 97920K, reserved 1179648K
  class space    used 9452K, committed 10304K, reserved 1048576K
}
Event: 29740.000 GC heap before
{Heap before GC invocations=6450 (full 14):
 PSYoungGen      total 4608K, used 3826K [0x00000000d5580000, 0x00000000d5c00000, 0x0000000100000000)
  eden space 2048K, 100% used [0x00000000d5580000,0x00000000d5780000,0x00000000d5780000)
  from space 2560K, 69% used [0x00000000d5780000,0x00000000d593c800,0x00000000d5a00000)
  to   space 2048K, 0% used [0x00000000d5a00000,0x00000000d5a00000,0x00000000d5c00000)
 ParOldGen       total 630272K, used 629906K [0x0000000080000000, 0x00000000a6780000, 0x00000000d5580000)
  object space 630272K, 99% used [0x0000000080000000,0x00000000a67249b0,0x00000000a6780000)
 Metaspace       used 96056K, committed 97920K, reserved 1179648K
  class space    used 9452K, committed 10304K, reserved 1048576K
}
Event: 29740.003 GC heap after
{Heap after GC invocations=6450 (full 14):
 PSYoungGen      total 4608K, used 1513K [0x00000000d5580000, 0x00000000d5c00000, 0x0000000100000000)
  eden space 2560K, 0% used [0x00000000d5580000,0x00000000d5580000,0x00000000d5800000)
  from space 2048K, 73% used [0x00000000d5a00000,0x00000000d5b7a400,0x00000000d5c00000)
  to   space 2048K, 0% used [0x00000000d5800000,0x00000000d5800000,0x00000000d5a00000)
 ParOldGen       total 631808K, used 631548K [0x0000000080000000, 0x00000000a6900000, 0x00000000d5580000)
  object space 631808K, 99% used [0x0000000080000000,0x00000000a68bf1b0,0x00000000a6900000)
 Metaspace       used 96056K, committed 97920K, reserved 1179648K
  class space    used 9452K, committed 10304K, reserved 1048576K
}
Event: 29740.015 GC heap before
{Heap before GC invocations=6451 (full 14):
 PSYoungGen      total 4608K, used 4073K [0x00000000d5580000, 0x00000000d5c00000, 0x0000000100000000)
  eden space 2560K, 100% used [0x00000000d5580000,0x00000000d5800000,0x00000000d5800000)
  from space 2048K, 73% used [0x00000000d5a00000,0x00000000d5b7a400,0x00000000d5c00000)
  to   space 2048K, 0% used [0x00000000d5800000,0x00000000d5800000,0x00000000d5a00000)
 ParOldGen       total 631808K, used 631548K [0x0000000080000000, 0x00000000a6900000, 0x00000000d5580000)
  object space 631808K, 99% used [0x0000000080000000,0x00000000a68bf1b0,0x00000000a6900000)
 Metaspace       used 96056K, committed 97920K, reserved 1179648K
  class space    used 9452K, committed 10304K, reserved 1048576K
}
Event: 29740.023 GC heap after
{Heap after GC invocations=6451 (full 14):
 PSYoungGen      total 3584K, used 608K [0x00000000d5580000, 0x00000000d5a80000, 0x0000000100000000)
  eden space 2560K, 0% used [0x00000000d5580000,0x00000000d5580000,0x00000000d5800000)
  from space 1024K, 59% used [0x00000000d5800000,0x00000000d5898040,0x00000000d5900000)
  to   space 1024K, 0% used [0x00000000d5980000,0x00000000d5980000,0x00000000d5a80000)
 ParOldGen       total 633856K, used 633502K [0x0000000080000000, 0x00000000a6b00000, 0x00000000d5580000)
  object space 633856K, 99% used [0x0000000080000000,0x00000000a6aa79b0,0x00000000a6b00000)
 Metaspace       used 96056K, committed 97920K, reserved 1179648K
  class space    used 9452K, committed 10304K, reserved 1048576K
}
Event: 29740.032 GC heap before
{Heap before GC invocations=6452 (full 14):
 PSYoungGen      total 3584K, used 3168K [0x00000000d5580000, 0x00000000d5a80000, 0x0000000100000000)
  eden space 2560K, 100% used [0x00000000d5580000,0x00000000d5800000,0x00000000d5800000)
  from space 1024K, 59% used [0x00000000d5800000,0x00000000d5898040,0x00000000d5900000)
  to   space 1024K, 0% used [0x00000000d5980000,0x00000000d5980000,0x00000000d5a80000)
 ParOldGen       total 633856K, used 633502K [0x0000000080000000, 0x00000000a6b00000, 0x00000000d5580000)
  object space 633856K, 99% used [0x0000000080000000,0x00000000a6aa79b0,0x00000000a6b00000)
 Metaspace       used 96056K, committed 97920K, reserved 1179648K
  class space    used 9452K, committed 10304K, reserved 1048576K
}
Event: 29740.037 GC heap after
{Heap after GC invocations=6452 (full 14):
 PSYoungGen      total 3584K, used 224K [0x00000000d5580000, 0x00000000d5a00000, 0x0000000100000000)
  eden space 3072K, 0% used [0x00000000d5580000,0x00000000d5580000,0x00000000d5880000)
  from space 512K, 43% used [0x00000000d5980000,0x00000000d59b8000,0x00000000d5a00000)
  to   space 512K, 0% used [0x00000000d5900000,0x00000000d5900000,0x00000000d5980000)
 ParOldGen       total 634368K, used 633981K [0x0000000080000000, 0x00000000a6b80000, 0x00000000d5580000)
  object space 634368K, 99% used [0x0000000080000000,0x00000000a6b1f600,0x00000000a6b80000)
 Metaspace       used 96056K, committed 97920K, reserved 1179648K
  class space    used 9452K, committed 10304K, reserved 1048576K
}
Event: 29740.049 GC heap before
{Heap before GC invocations=6453 (full 14):
 PSYoungGen      total 3584K, used 3296K [0x00000000d5580000, 0x00000000d5a00000, 0x0000000100000000)
  eden space 3072K, 100% used [0x00000000d5580000,0x00000000d5880000,0x00000000d5880000)
  from space 512K, 43% used [0x00000000d5980000,0x00000000d59b8000,0x00000000d5a00000)
  to   space 512K, 0% used [0x00000000d5900000,0x00000000d5900000,0x00000000d5980000)
 ParOldGen       total 634368K, used 633981K [0x0000000080000000, 0x00000000a6b80000, 0x00000000d5580000)
  object space 634368K, 99% used [0x0000000080000000,0x00000000a6b1f600,0x00000000a6b80000)
 Metaspace       used 96056K, committed 97920K, reserved 1179648K
  class space    used 9452K, committed 10304K, reserved 1048576K
}
Event: 29740.052 GC heap after
{Heap after GC invocations=6453 (full 14):
 PSYoungGen      total 4096K, used 499K [0x00000000d5580000, 0x00000000d5f80000, 0x0000000100000000)
  eden space 3584K, 0% used [0x00000000d5580000,0x00000000d5580000,0x00000000d5900000)
  from space 512K, 97% used [0x00000000d5900000,0x00000000d597cdc0,0x00000000d5980000)
  to   space 3072K, 0% used [0x00000000d5c80000,0x00000000d5c80000,0x00000000d5f80000)
 ParOldGen       total 636416K, used 635925K [0x0000000080000000, 0x00000000a6d80000, 0x00000000d5580000)
  object space 636416K, 99% used [0x0000000080000000,0x00000000a6d05450,0x00000000a6d80000)
 Metaspace       used 96056K, committed 97920K, reserved 1179648K
  class space    used 9452K, committed 10304K, reserved 1048576K
}
Event: 29740.060 GC heap before
{Heap before GC invocations=6454 (full 14):
 PSYoungGen      total 4096K, used 4083K [0x00000000d5580000, 0x00000000d5f80000, 0x0000000100000000)
  eden space 3584K, 100% used [0x00000000d5580000,0x00000000d5900000,0x00000000d5900000)
  from space 512K, 97% used [0x00000000d5900000,0x00000000d597cdc0,0x00000000d5980000)
  to   space 3072K, 0% used [0x00000000d5c80000,0x00000000d5c80000,0x00000000d5f80000)
 ParOldGen       total 636416K, used 635925K [0x0000000080000000, 0x00000000a6d80000, 0x00000000d5580000)
  object space 636416K, 99% used [0x0000000080000000,0x00000000a6d05450,0x00000000a6d80000)
 Metaspace       used 96056K, committed 97920K, reserved 1179648K
  class space    used 9452K, committed 10304K, reserved 1048576K
}
Event: 29740.064 GC heap after
{Heap after GC invocations=6454 (full 14):
 PSYoungGen      total 6656K, used 2948K [0x00000000d5580000, 0x00000000d6100000, 0x0000000100000000)
  eden space 3584K, 0% used [0x00000000d5580000,0x00000000d5580000,0x00000000d5900000)
  from space 3072K, 95% used [0x00000000d5c80000,0x00000000d5f610c8,0x00000000d5f80000)
  to   space 3584K, 0% used [0x00000000d5900000,0x00000000d5900000,0x00000000d5c80000)
 ParOldGen       total 636416K, used 636399K [0x0000000080000000, 0x00000000a6d80000, 0x00000000d5580000)
  object space 636416K, 99% used [0x0000000080000000,0x00000000a6d7bd58,0x00000000a6d80000)
 Metaspace       used 96056K, committed 97920K, reserved 1179648K
  class space    used 9452K, committed 10304K, reserved 1048576K
}
Event: 29740.070 GC heap before
{Heap before GC invocations=6455 (full 14):
 PSYoungGen      total 6656K, used 6532K [0x00000000d5580000, 0x00000000d6100000, 0x0000000100000000)
  eden space 3584K, 100% used [0x00000000d5580000,0x00000000d5900000,0x00000000d5900000)
  from space 3072K, 95% used [0x00000000d5c80000,0x00000000d5f610c8,0x00000000d5f80000)
  to   space 3584K, 0% used [0x00000000d5900000,0x00000000d5900000,0x00000000d5c80000)
 ParOldGen       total 636416K, used 636399K [0x0000000080000000, 0x00000000a6d80000, 0x00000000d5580000)
  object space 636416K, 99% used [0x0000000080000000,0x00000000a6d7bd58,0x00000000a6d80000)
 Metaspace       used 96056K, committed 97920K, reserved 1179648K
  class space    used 9452K, committed 10304K, reserved 1048576K
}
Event: 29740.077 GC heap after
{Heap after GC invocations=6455 (full 14):
 PSYoungGen      total 7168K, used 2624K [0x00000000d5580000, 0x00000000d6000000, 0x0000000100000000)
  eden space 3584K, 0% used [0x00000000d5580000,0x00000000d5580000,0x00000000d5900000)
  from space 3584K, 73% used [0x00000000d5900000,0x00000000d5b90000,0x00000000d5c80000)
  to   space 3072K, 0% used [0x00000000d5d00000,0x00000000d5d00000,0x00000000d6000000)
 ParOldGen       total 639488K, used 639215K [0x0000000080000000, 0x00000000a7080000, 0x00000000d5580000)
  object space 639488K, 99% used [0x0000000080000000,0x00000000a703bc38,0x00000000a7080000)
 Metaspace       used 96056K, committed 97920K, reserved 1179648K
  class space    used 9452K, committed 10304K, reserved 1048576K
}
Event: 29740.087 GC heap before
{Heap before GC invocations=6456 (full 14):
 PSYoungGen      total 7168K, used 6208K [0x00000000d5580000, 0x00000000d6000000, 0x0000000100000000)
  eden space 3584K, 100% used [0x00000000d5580000,0x00000000d5900000,0x00000000d5900000)
  from space 3584K, 73% used [0x00000000d5900000,0x00000000d5b90000,0x00000000d5c80000)
  to   space 3072K, 0% used [0x00000000d5d00000,0x00000000d5d00000,0x00000000d6000000)
 ParOldGen       total 639488K, used 639215K [0x0000000080000000, 0x00000000a7080000, 0x00000000d5580000)
  object space 639488K, 99% used [0x0000000080000000,0x00000000a703bc38,0x00000000a7080000)
 Metaspace       used 96056K, committed 97920K, reserved 1179648K
  class space    used 9452K, committed 10304K, reserved 1048576K
}
Event: 29740.097 GC heap after
{Heap after GC invocations=6456 (full 14):
 PSYoungGen      total 6656K, used 1856K [0x00000000d5580000, 0x00000000d5f00000, 0x0000000100000000)
  eden space 4608K, 0% used [0x00000000d5580000,0x00000000d5580000,0x00000000d5a00000)
  from space 2048K, 90% used [0x00000000d5d00000,0x00000000d5ed0000,0x00000000d5f00000)
  to   space 2560K, 0% used [0x00000000d5a00000,0x00000000d5a00000,0x00000000d5c80000)
 ParOldGen       total 642048K, used 641735K [0x0000000080000000, 0x00000000a7300000, 0x00000000d5580000)
  object space 642048K, 99% used [0x0000000080000000,0x00000000a72b1c38,0x00000000a7300000)
 Metaspace       used 96056K, committed 97920K, reserved 1179648K
  class space    used 9452K, committed 10304K, reserved 1048576K
}
Event: 29740.110 GC heap before
{Heap before GC invocations=6457 (full 14):
 PSYoungGen      total 6656K, used 6464K [0x00000000d5580000, 0x00000000d5f00000, 0x0000000100000000)
  eden space 4608K, 100% used [0x00000000d5580000,0x00000000d5a00000,0x00000000d5a00000)
  from space 2048K, 90% used [0x00000000d5d00000,0x00000000d5ed0000,0x00000000d5f00000)
  to   space 2560K, 0% used [0x00000000d5a00000,0x00000000d5a00000,0x00000000d5c80000)
 ParOldGen       total 642048K, used 641735K [0x0000000080000000, 0x00000000a7300000, 0x00000000d5580000)
  object space 642048K, 99% used [0x0000000080000000,0x00000000a72b1c38,0x00000000a7300000)
 Metaspace       used 96056K, committed 97920K, reserved 1179648K
  class space    used 9452K, committed 10304K, reserved 1048576K
}
Event: 29740.117 GC heap after
{Heap after GC invocations=6457 (full 14):
 PSYoungGen      total 7168K, used 2560K [0x00000000d5580000, 0x00000000d6600000, 0x0000000100000000)
  eden space 4608K, 0% used [0x00000000d5580000,0x00000000d5580000,0x00000000d5a00000)
  from space 2560K, 100% used [0x00000000d5a00000,0x00000000d5c80000,0x00000000d5c80000)
  to   space 5632K, 0% used [0x00000000d6080000,0x00000000d6080000,0x00000000d6600000)
 ParOldGen       total 644096K, used 643839K [0x0000000080000000, 0x00000000a7500000, 0x00000000d5580000)
  object space 644096K, 99% used [0x0000000080000000,0x00000000a74bfc48,0x00000000a7500000)
 Metaspace       used 96056K, committed 97920K, reserved 1179648K
  class space    used 9452K, committed 10304K, reserved 1048576K
}
Event: 29740.155 GC heap before
{Heap before GC invocations=6458 (full 14):
 PSYoungGen      total 7168K, used 7168K [0x00000000d5580000, 0x00000000d6600000, 0x0000000100000000)
  eden space 4608K, 100% used [0x00000000d5580000,0x00000000d5a00000,0x00000000d5a00000)
  from space 2560K, 100% used [0x00000000d5a00000,0x00000000d5c80000,0x00000000d5c80000)
  to   space 5632K, 0% used [0x00000000d6080000,0x00000000d6080000,0x00000000d6600000)
 ParOldGen       total 644096K, used 643839K [0x0000000080000000, 0x00000000a7500000, 0x00000000d5580000)
  object space 644096K, 99% used [0x0000000080000000,0x00000000a74bfc48,0x00000000a7500000)
 Metaspace       used 96065K, committed 97920K, reserved 1179648K
  class space    used 9452K, committed 10304K, reserved 1048576K
}
Event: 29740.165 GC heap after
{Heap after GC invocations=6458 (full 14):
 PSYoungGen      total 8192K, used 2496K [0x00000000d5580000, 0x00000000d6300000, 0x0000000100000000)
  eden space 5632K, 0% used [0x00000000d5580000,0x00000000d5580000,0x00000000d5b00000)
  from space 2560K, 97% used [0x00000000d6080000,0x00000000d62f0000,0x00000000d6300000)
  to   space 3584K, 0% used [0x00000000d5c00000,0x00000000d5c00000,0x00000000d5f80000)
 ParOldGen       total 646656K, used 646439K [0x0000000080000000, 0x00000000a7780000, 0x00000000d5580000)
  object space 646656K, 99% used [0x0000000080000000,0x00000000a7749c48,0x00000000a7780000)
 Metaspace       used 96065K, committed 97920K, reserved 1179648K
  class space    used 9452K, committed 10304K, reserved 1048576K
}

